# JRE version: OpenJDK Runtime Environment (8.0_242-b01) (build 1.8.0_242-release-1644-b01)
# Java VM: OpenJDK 64-Bit Server VM (25.242-b01 mixed mode windows-amd64 compressed oops)
Heap:
 PSYoungGen      total 263680K, used 47283K [0x00000000d5580000, 0x00000000e7400000, 0x0000000100000000)
  eden space 242176K, 10% used [0x00000000d5580000,0x00000000d6eae450,0x00000000e4200000)
  from space 21504K, 99% used [0x00000000e4200000,0x00000000e56feb78,0x00000000e5700000)
  to   space 21504K, 0% used [0x00000000e5700000,0x00000000e5700000,0x00000000e6c00000)
 ParOldGen       total 110080K, used 60279K [0x0000000080000000, 0x0000000086b80000, 0x00000000d5580000)
  object space 110080K, 54% used [0x0000000080000000,0x0000000083adde98,0x0000000086b80000)
 Metaspace       used 79027K, capacity 83058K, committed 83240K, reserved 1120256K
  class space    used 10770K, capacity 11543K, committed 11568K, reserved 1048576K
GC Heap History (10 events):
Event: 5.282 GC heap before
{Heap before GC invocations=14 (full 2):
 PSYoungGen      total 194560K, used 60695K [0x00000000d5580000, 0x00000000e6c00000, 0x0000000100000000)
  eden space 180224K, 25% used [0x00000000d5580000,0x00000000d82cb790,0x00000000e0580000)
  from space 14336K, 99% used [0x00000000e0580000,0x00000000e137a600,0x00000000e1380000)
  to   space 21504K, 0% used [0x00000000e5700000,0x00000000e5700000,0x00000000e6c00000)
 ParOldGen       total 70656K, used 32250K [0x0000000080000000, 0x0000000084500000, 0x00000000d5580000)
  object space 70656K, 45% used [0x0000000080000000,0x0000000081f7eb40,0x0000000084500000)
 Metaspace       used 56692K, capacity 59012K, committed 59160K, reserved 1099776K
  class space    used 7767K, capacity 8274K, committed 8368K, reserved 1048576K
Event: 5.299 GC heap after
Heap after GC invocations=14 (full 2):
 PSYoungGen      total 263680K, used 4050K [0x00000000d5580000, 0x00000000e7400000, 0x0000000100000000)
  eden space 242176K, 0% used [0x00000000d5580000,0x00000000d5580000,0x00000000e4200000)
  from space 21504K, 18% used [0x00000000e5700000,0x00000000e5af4978,0x00000000e6c00000)
  to   space 21504K, 0% used [0x00000000e4200000,0x00000000e4200000,0x00000000e5700000)
 ParOldGen       total 70656K, used 43862K [0x0000000080000000, 0x0000000084500000, 0x00000000d5580000)
  object space 70656K, 62% used [0x0000000080000000,0x0000000082ad5bf8,0x0000000084500000)
 Metaspace       used 56692K, capacity 59012K, committed 59160K, reserved 1099776K
  class space    used 7767K, capacity 8274K, committed 8368K, reserved 1048576K
}
Event: 5.299 GC heap before
{Heap before GC invocations=15 (full 3):
 PSYoungGen      total 263680K, used 4050K [0x00000000d5580000, 0x00000000e7400000, 0x0000000100000000)
  eden space 242176K, 0% used [0x00000000d5580000,0x00000000d5580000,0x00000000e4200000)
  from space 21504K, 18% used [0x00000000e5700000,0x00000000e5af4978,0x00000000e6c00000)
  to   space 21504K, 0% used [0x00000000e4200000,0x00000000e4200000,0x00000000e5700000)
 ParOldGen       total 70656K, used 43862K [0x0000000080000000, 0x0000000084500000, 0x00000000d5580000)
  object space 70656K, 62% used [0x0000000080000000,0x0000000082ad5bf8,0x0000000084500000)
 Metaspace       used 56692K, capacity 59012K, committed 59160K, reserved 1099776K
  class space    used 7767K, capacity 8274K, committed 8368K, reserved 1048576K
Event: 5.485 GC heap after
Heap after GC invocations=15 (full 3):
 PSYoungGen      total 263680K, used 0K [0x00000000d5580000, 0x00000000e7400000, 0x0000000100000000)
  eden space 242176K, 0% used [0x00000000d5580000,0x00000000d5580000,0x00000000e4200000)
  from space 21504K, 0% used [0x00000000e5700000,0x00000000e5700000,0x00000000e6c00000)
  to   space 21504K, 0% used [0x00000000e4200000,0x00000000e4200000,0x00000000e5700000)
 ParOldGen       total 110080K, used 34866K [0x0000000080000000, 0x0000000086b80000, 0x00000000d5580000)
  object space 110080K, 31% used [0x0000000080000000,0x000000008220c830,0x0000000086b80000)
 Metaspace       used 56673K, capacity 58946K, committed 59160K, reserved 1099776K
  class space    used 7761K, capacity 8263K, committed 8368K, reserved 1048576K
}
Event: 7.331 GC heap before
{Heap before GC invocations=16 (full 3):
 PSYoungGen      total 263680K, used 242176K [0x00000000d5580000, 0x00000000e7400000, 0x0000000100000000)
  eden space 242176K, 100% used [0x00000000d5580000,0x00000000e4200000,0x00000000e4200000)
  from space 21504K, 0% used [0x00000000e5700000,0x00000000e5700000,0x00000000e6c00000)
  to   space 21504K, 0% used [0x00000000e4200000,0x00000000e4200000,0x00000000e5700000)
 ParOldGen       total 110080K, used 34866K [0x0000000080000000, 0x0000000086b80000, 0x00000000d5580000)
  object space 110080K, 31% used [0x0000000080000000,0x000000008220c830,0x0000000086b80000)
 Metaspace       used 64155K, capacity 67112K, committed 67368K, reserved 1107968K
  class space    used 8822K, capacity 9402K, committed 9520K, reserved 1048576K
Event: 7.352 GC heap after
Heap after GC invocations=16 (full 3):
 PSYoungGen      total 263680K, used 21488K [0x00000000d5580000, 0x00000000e7400000, 0x0000000100000000)
  eden space 242176K, 0% used [0x00000000d5580000,0x00000000d5580000,0x00000000e4200000)
  from space 21504K, 99% used [0x00000000e4200000,0x00000000e56fc120,0x00000000e5700000)
  to   space 21504K, 0% used [0x00000000e5700000,0x00000000e5700000,0x00000000e6c00000)
 ParOldGen       total 110080K, used 36067K [0x0000000080000000, 0x0000000086b80000, 0x00000000d5580000)
  object space 110080K, 32% used [0x0000000080000000,0x0000000082338e00,0x0000000086b80000)
 Metaspace       used 64155K, capacity 67112K, committed 67368K, reserved 1107968K
  class space    used 8822K, capacity 9402K, committed 9520K, reserved 1048576K
}
Event: 8.435 GC heap before
{Heap before GC invocations=17 (full 3):
 PSYoungGen      total 263680K, used 263664K [0x00000000d5580000, 0x00000000e7400000, 0x0000000100000000)
  eden space 242176K, 100% used [0x00000000d5580000,0x00000000e4200000,0x00000000e4200000)
  from space 21504K, 99% used [0x00000000e4200000,0x00000000e56fc120,0x00000000e5700000)
  to   space 21504K, 0% used [0x00000000e5700000,0x00000000e5700000,0x00000000e6c00000)
 ParOldGen       total 110080K, used 36067K [0x0000000080000000, 0x0000000086b80000, 0x00000000d5580000)
  object space 110080K, 32% used [0x0000000080000000,0x0000000082338e00,0x0000000086b80000)
 Metaspace       used 64770K, capacity 67852K, committed 68136K, reserved 1107968K
  class space    used 8879K, capacity 9460K, committed 9520K, reserved 1048576K
Event: 8.451 GC heap after
Heap after GC invocations=17 (full 3):
 PSYoungGen      total 263680K, used 13376K [0x00000000d5580000, 0x00000000e7400000, 0x0000000100000000)
  eden space 242176K, 0% used [0x00000000d5580000,0x00000000d5580000,0x00000000e4200000)
  from space 21504K, 62% used [0x00000000e5700000,0x00000000e6410040,0x00000000e6c00000)
  to   space 21504K, 0% used [0x00000000e4200000,0x00000000e4200000,0x00000000e5700000)
 ParOldGen       total 110080K, used 50879K [0x0000000080000000, 0x0000000086b80000, 0x00000000d5580000)
  object space 110080K, 46% used [0x0000000080000000,0x00000000831afef8,0x0000000086b80000)
 Metaspace       used 64770K, capacity 67852K, committed 68136K, reserved 1107968K
  class space    used 8879K, capacity 9460K, committed 9520K, reserved 1048576K
}
Event: 144.203 GC heap before
{Heap before GC invocations=18 (full 3):
 PSYoungGen      total 263680K, used 255552K [0x00000000d5580000, 0x00000000e7400000, 0x0000000100000000)
  eden space 242176K, 100% used [0x00000000d5580000,0x00000000e4200000,0x00000000e4200000)
  from space 21504K, 62% used [0x00000000e5700000,0x00000000e6410040,0x00000000e6c00000)
  to   space 21504K, 0% used [0x00000000e4200000,0x00000000e4200000,0x00000000e5700000)
 ParOldGen       total 110080K, used 50879K [0x0000000080000000, 0x0000000086b80000, 0x00000000d5580000)
  object space 110080K, 46% used [0x0000000080000000,0x00000000831afef8,0x0000000086b80000)
 Metaspace       used 79018K, capacity 83058K, committed 83240K, reserved 1120256K
  class space    used 10770K, capacity 11543K, committed 11568K, reserved 1048576K
Event: 144.228 GC heap after
Heap after GC invocations=18 (full 3):
 PSYoungGen      total 263680K, used 21498K [0x00000000d5580000, 0x00000000e7400000, 0x0000000100000000)
  eden space 242176K, 0% used [0x00000000d5580000,0x00000000d5580000,0x00000000e4200000)
  from space 21504K, 99% used [0x00000000e4200000,0x00000000e56feb78,0x00000000e5700000)
  to   space 21504K, 0% used [0x00000000e5700000,0x00000000e5700000,0x00000000e6c00000)
 ParOldGen       total 110080K, used 60279K [0x0000000080000000, 0x0000000086b80000, 0x00000000d5580000)
  object space 110080K, 54% used [0x0000000080000000,0x0000000083adde98,0x0000000086b80000)
 Metaspace       used 79018K, capacity 83058K, committed 83240K, reserved 1120256K
  class space    used 10770K, capacity 11543K, committed 11568K, reserved 1048576K
}

