# JRE version: OpenJDK Runtime Environment (8.0_242-b01) (build 1.8.0_242-release-1644-b01)
# Java VM: OpenJDK 64-Bit Server VM (25.242-b01 mixed mode windows-amd64 compressed oops)
Heap:
 PSYoungGen      total 268800K, used 28180K [0x00000000d5580000, 0x00000000e8200000, 0x0000000100000000)
  eden space 247296K, 11% used [0x00000000d5580000,0x00000000d71052e0,0x00000000e4700000)
  from space 21504K, 0% used [0x00000000e5c00000,0x00000000e5c00000,0x00000000e7100000)
  to   space 21504K, 0% used [0x00000000e4700000,0x00000000e4700000,0x00000000e5c00000)
 ParOldGen       total 104960K, used 104954K [0x0000000080000000, 0x0000000086680000, 0x00000000d5580000)
  object space 104960K, 99% used [0x0000000080000000,0x000000008667eb50,0x0000000086680000)
 Metaspace       used 81433K, capacity 85786K, committed 86040K, reserved 1124352K
  class space    used 11245K, capacity 12060K, committed 12080K, reserved 1048576K
GC Heap History (10 events):
Event: 14.040 GC heap before
{Heap before GC invocations=17 (full 3):
 PSYoungGen      total 268800K, used 268792K [0x00000000d5580000, 0x00000000e8200000, 0x0000000100000000)
  eden space 247296K, 100% used [0x00000000d5580000,0x00000000e4700000,0x00000000e4700000)
  from space 21504K, 99% used [0x00000000e4700000,0x00000000e5bfe038,0x00000000e5c00000)
  to   space 21504K, 0% used [0x00000000e5c00000,0x00000000e5c00000,0x00000000e7100000)
 ParOldGen       total 104960K, used 36407K [0x0000000080000000, 0x0000000086680000, 0x00000000d5580000)
  object space 104960K, 34% used [0x0000000080000000,0x000000008238dc68,0x0000000086680000)
 Metaspace       used 71181K, capacity 74496K, committed 74648K, reserved 1114112K
  class space    used 9682K, capacity 10319K, committed 10416K, reserved 1048576K
Event: 14.077 GC heap after
Heap after GC invocations=17 (full 3):
 PSYoungGen      total 268800K, used 21489K [0x00000000d5580000, 0x00000000e8200000, 0x0000000100000000)
  eden space 247296K, 0% used [0x00000000d5580000,0x00000000d5580000,0x00000000e4700000)
  from space 21504K, 99% used [0x00000000e5c00000,0x00000000e70fc7d0,0x00000000e7100000)
  to   space 21504K, 0% used [0x00000000e4700000,0x00000000e4700000,0x00000000e5c00000)
 ParOldGen       total 104960K, used 57647K [0x0000000080000000, 0x0000000086680000, 0x00000000d5580000)
  object space 104960K, 54% used [0x0000000080000000,0x000000008384bc70,0x0000000086680000)
 Metaspace       used 71181K, capacity 74496K, committed 74648K, reserved 1114112K
  class space    used 9682K, capacity 10319K, committed 10416K, reserved 1048576K
}
Event: 14.803 GC heap before
{Heap before GC invocations=18 (full 3):
 PSYoungGen      total 268800K, used 268785K [0x00000000d5580000, 0x00000000e8200000, 0x0000000100000000)
  eden space 247296K, 100% used [0x00000000d5580000,0x00000000e4700000,0x00000000e4700000)
  from space 21504K, 99% used [0x00000000e5c00000,0x00000000e70fc7d0,0x00000000e7100000)
  to   space 21504K, 0% used [0x00000000e4700000,0x00000000e4700000,0x00000000e5c00000)
 ParOldGen       total 104960K, used 57647K [0x0000000080000000, 0x0000000086680000, 0x00000000d5580000)
  object space 104960K, 54% used [0x0000000080000000,0x000000008384bc70,0x0000000086680000)
 Metaspace       used 71844K, capacity 75210K, committed 75416K, reserved 1114112K
  class space    used 9736K, capacity 10394K, committed 10416K, reserved 1048576K
Event: 14.830 GC heap after
Heap after GC invocations=18 (full 3):
 PSYoungGen      total 268800K, used 16875K [0x00000000d5580000, 0x00000000e8200000, 0x0000000100000000)
  eden space 247296K, 0% used [0x00000000d5580000,0x00000000d5580000,0x00000000e4700000)
  from space 21504K, 78% used [0x00000000e4700000,0x00000000e577aee0,0x00000000e5c00000)
  to   space 21504K, 0% used [0x00000000e5c00000,0x00000000e5c00000,0x00000000e7100000)
 ParOldGen       total 104960K, used 76807K [0x0000000080000000, 0x0000000086680000, 0x00000000d5580000)
  object space 104960K, 73% used [0x0000000080000000,0x0000000084b01d98,0x0000000086680000)
 Metaspace       used 71844K, capacity 75210K, committed 75416K, reserved 1114112K
  class space    used 9736K, capacity 10394K, committed 10416K, reserved 1048576K
}
Event: 15.320 GC heap before
{Heap before GC invocations=19 (full 3):
 PSYoungGen      total 268800K, used 264171K [0x00000000d5580000, 0x00000000e8200000, 0x0000000100000000)
  eden space 247296K, 100% used [0x00000000d5580000,0x00000000e4700000,0x00000000e4700000)
  from space 21504K, 78% used [0x00000000e4700000,0x00000000e577aee0,0x00000000e5c00000)
  to   space 21504K, 0% used [0x00000000e5c00000,0x00000000e5c00000,0x00000000e7100000)
 ParOldGen       total 104960K, used 76807K [0x0000000080000000, 0x0000000086680000, 0x00000000d5580000)
  object space 104960K, 73% used [0x0000000080000000,0x0000000084b01d98,0x0000000086680000)
 Metaspace       used 71860K, capacity 75210K, committed 75416K, reserved 1114112K
  class space    used 9738K, capacity 10394K, committed 10416K, reserved 1048576K
Event: 15.342 GC heap after
Heap after GC invocations=19 (full 3):
 PSYoungGen      total 268800K, used 21496K [0x00000000d5580000, 0x00000000e8200000, 0x0000000100000000)
  eden space 247296K, 0% used [0x00000000d5580000,0x00000000d5580000,0x00000000e4700000)
  from space 21504K, 99% used [0x00000000e5c00000,0x00000000e70fe328,0x00000000e7100000)
  to   space 21504K, 0% used [0x00000000e4700000,0x00000000e4700000,0x00000000e5c00000)
 ParOldGen       total 104960K, used 91317K [0x0000000080000000, 0x0000000086680000, 0x00000000d5580000)
  object space 104960K, 87% used [0x0000000080000000,0x000000008592d638,0x0000000086680000)
 Metaspace       used 71860K, capacity 75210K, committed 75416K, reserved 1114112K
  class space    used 9738K, capacity 10394K, committed 10416K, reserved 1048576K
}
Event: 15.342 GC heap before
{Heap before GC invocations=20 (full 4):
 PSYoungGen      total 268800K, used 21496K [0x00000000d5580000, 0x00000000e8200000, 0x0000000100000000)
  eden space 247296K, 0% used [0x00000000d5580000,0x00000000d5580000,0x00000000e4700000)
  from space 21504K, 99% used [0x00000000e5c00000,0x00000000e70fe328,0x00000000e7100000)
  to   space 21504K, 0% used [0x00000000e4700000,0x00000000e4700000,0x00000000e5c00000)
 ParOldGen       total 104960K, used 91317K [0x0000000080000000, 0x0000000086680000, 0x00000000d5580000)
  object space 104960K, 87% used [0x0000000080000000,0x000000008592d638,0x0000000086680000)
 Metaspace       used 71860K, capacity 75210K, committed 75416K, reserved 1114112K
  class space    used 9738K, capacity 10394K, committed 10416K, reserved 1048576K
Event: 15.547 GC heap after
Heap after GC invocations=20 (full 4):
 PSYoungGen      total 268800K, used 0K [0x00000000d5580000, 0x00000000e8200000, 0x0000000100000000)
  eden space 247296K, 0% used [0x00000000d5580000,0x00000000d5580000,0x00000000e4700000)
  from space 21504K, 0% used [0x00000000e5c00000,0x00000000e5c00000,0x00000000e7100000)
  to   space 21504K, 0% used [0x00000000e4700000,0x00000000e4700000,0x00000000e5c00000)
 ParOldGen       total 104960K, used 99953K [0x0000000080000000, 0x0000000086680000, 0x00000000d5580000)
  object space 104960K, 95% used [0x0000000080000000,0x000000008619c4d0,0x0000000086680000)
 Metaspace       used 71819K, capacity 75090K, committed 75416K, reserved 1114112K
  class space    used 9726K, capacity 10372K, committed 10416K, reserved 1048576K
}
Event: 16.699 GC heap before
{Heap before GC invocations=21 (full 5):
 PSYoungGen      total 268800K, used 247183K [0x00000000d5580000, 0x00000000e8200000, 0x0000000100000000)
  eden space 247296K, 99% used [0x00000000d5580000,0x00000000e46e3d80,0x00000000e4700000)
  from space 21504K, 0% used [0x00000000e5c00000,0x00000000e5c00000,0x00000000e7100000)
  to   space 21504K, 0% used [0x00000000e4700000,0x00000000e4700000,0x00000000e5c00000)
 ParOldGen       total 104960K, used 99953K [0x0000000080000000, 0x0000000086680000, 0x00000000d5580000)
  object space 104960K, 95% used [0x0000000080000000,0x000000008619c4d0,0x0000000086680000)
 Metaspace       used 80773K, capacity 85000K, committed 85144K, reserved 1122304K
  class space    used 11112K, capacity 11917K, committed 11952K, reserved 1048576K
Event: 17.172 GC heap after
Heap after GC invocations=21 (full 5):
 PSYoungGen      total 268800K, used 4468K [0x00000000d5580000, 0x00000000e8200000, 0x0000000100000000)
  eden space 247296K, 1% used [0x00000000d5580000,0x00000000d59dd388,0x00000000e4700000)
  from space 21504K, 0% used [0x00000000e5c00000,0x00000000e5c00000,0x00000000e7100000)
  to   space 21504K, 0% used [0x00000000e4700000,0x00000000e4700000,0x00000000e5c00000)
 ParOldGen       total 104960K, used 104954K [0x0000000080000000, 0x0000000086680000, 0x00000000d5580000)
  object space 104960K, 99% used [0x0000000080000000,0x000000008667eb50,0x0000000086680000)
 Metaspace       used 80758K, capacity 84958K, committed 85144K, reserved 1122304K
  class space    used 11107K, capacity 11908K, committed 11952K, reserved 1048576K
}

